{"/Users/upadesh/Work/Other/react_project/mern-social/client/src/App.js": {"path":"/Users/upadesh/Work/Other/react_project/mern-social/client/src/App.js","statementMap":{"0":{"start":{"line":14,"column":2},"end":{"line":30,"column":4}}},"fnMap":{"0":{"name":"App","decl":{"start":{"line":13,"column":9},"end":{"line":13,"column":12}},"loc":{"start":{"line":13,"column":15},"end":{"line":31,"column":1}},"line":13}},"branchMap":{},"s":{"0":0},"f":{"0":0},"b":{},"_coverageSchema":"43e27e138ebf9cfc5966b082cf9a028302ed4184","hash":"b7276c07f4862e12822d696d28bca16e1027f602"}
,"/Users/upadesh/Work/Other/react_project/mern-social/client/src/index.js": {"path":"/Users/upadesh/Work/Other/react_project/mern-social/client/src/index.js","statementMap":{"0":{"start":{"line":5,"column":0},"end":{"line":10,"column":2}}},"fnMap":{},"branchMap":{},"s":{"0":0},"f":{},"b":{},"hash":"705c9d728bdc0f0bf810088d82a0ddd483755b43"}
,"/Users/upadesh/Work/Other/react_project/mern-social/client/src/component/DisplayValidation.js": {"path":"/Users/upadesh/Work/Other/react_project/mern-social/client/src/component/DisplayValidation.js","statementMap":{"0":{"start":{"line":5,"column":29},"end":{"line":5,"column":56}},"1":{"start":{"line":7,"column":4},"end":{"line":9,"column":5}},"2":{"start":{"line":8,"column":6},"end":{"line":8,"column":19}},"3":{"start":{"line":11,"column":4},"end":{"line":11,"column":49}},"4":{"start":{"line":12,"column":4},"end":{"line":24,"column":6}},"5":{"start":{"line":15,"column":10},"end":{"line":21,"column":12}}},"fnMap":{"0":{"name":"(anonymous_0)","decl":{"start":{"line":4,"column":2},"end":{"line":4,"column":3}},"loc":{"start":{"line":4,"column":11},"end":{"line":25,"column":3}},"line":4},"1":{"name":"(anonymous_1)","decl":{"start":{"line":14,"column":37},"end":{"line":14,"column":38}},"loc":{"start":{"line":14,"column":54},"end":{"line":22,"column":9}},"line":14}},"branchMap":{"0":{"loc":{"start":{"line":7,"column":4},"end":{"line":9,"column":5}},"type":"if","locations":[{"start":{"line":7,"column":4},"end":{"line":9,"column":5}},{"start":{"line":7,"column":4},"end":{"line":9,"column":5}}],"line":7},"1":{"loc":{"start":{"line":7,"column":8},"end":{"line":7,"column":53}},"type":"binary-expr","locations":[{"start":{"line":7,"column":8},"end":{"line":7,"column":25}},{"start":{"line":7,"column":29},"end":{"line":7,"column":53}}],"line":7}},"s":{"0":9,"1":9,"2":9,"3":0,"4":0,"5":0},"f":{"0":9,"1":0},"b":{"0":[9,0],"1":[9,0]},"_coverageSchema":"43e27e138ebf9cfc5966b082cf9a028302ed4184","hash":"024e624f44805a076f048ec04d3e689fbc35ef6b"}
,"/Users/upadesh/Work/Other/react_project/mern-social/client/src/component/auth/Login.js": {"path":"/Users/upadesh/Work/Other/react_project/mern-social/client/src/component/auth/Login.js","statementMap":{"0":{"start":{"line":3,"column":14},"end":{"line":5,"column":1}},"1":{"start":{"line":4,"column":2},"end":{"line":4,"column":26}}},"fnMap":{"0":{"name":"(anonymous_0)","decl":{"start":{"line":3,"column":14},"end":{"line":3,"column":15}},"loc":{"start":{"line":3,"column":20},"end":{"line":5,"column":1}},"line":3}},"branchMap":{},"s":{"0":1,"1":0},"f":{"0":0},"b":{},"_coverageSchema":"43e27e138ebf9cfc5966b082cf9a028302ed4184","hash":"c9567e8c677ca5aa1fb031a49f7c403c8e0416ed"}
,"/Users/upadesh/Work/Other/react_project/mern-social/client/src/component/auth/Register.js": {"path":"/Users/upadesh/Work/Other/react_project/mern-social/client/src/component/auth/Register.js","statementMap":{"0":{"start":{"line":10,"column":17},"end":{"line":13,"column":3}},"1":{"start":{"line":11,"column":4},"end":{"line":11,"column":58}},"2":{"start":{"line":15,"column":4},"end":{"line":87,"column":6}},"3":{"start":{"line":34,"column":31},"end":{"line":34,"column":70}},"4":{"start":{"line":42,"column":31},"end":{"line":42,"column":71}},"5":{"start":{"line":55,"column":31},"end":{"line":55,"column":74}},"6":{"start":{"line":64,"column":31},"end":{"line":64,"column":75}},"7":{"start":{"line":75,"column":28},"end":{"line":75,"column":48}},"8":{"start":{"line":91,"column":24},"end":{"line":94,"column":2}},"9":{"start":{"line":91,"column":36},"end":{"line":94,"column":1}}},"fnMap":{"0":{"name":"(anonymous_0)","decl":{"start":{"line":10,"column":17},"end":{"line":10,"column":18}},"loc":{"start":{"line":10,"column":24},"end":{"line":13,"column":3}},"line":10},"1":{"name":"(anonymous_1)","decl":{"start":{"line":14,"column":2},"end":{"line":14,"column":3}},"loc":{"start":{"line":14,"column":11},"end":{"line":88,"column":3}},"line":14},"2":{"name":"(anonymous_2)","decl":{"start":{"line":34,"column":24},"end":{"line":34,"column":25}},"loc":{"start":{"line":34,"column":31},"end":{"line":34,"column":70}},"line":34},"3":{"name":"(anonymous_3)","decl":{"start":{"line":42,"column":24},"end":{"line":42,"column":25}},"loc":{"start":{"line":42,"column":31},"end":{"line":42,"column":71}},"line":42},"4":{"name":"(anonymous_4)","decl":{"start":{"line":55,"column":24},"end":{"line":55,"column":25}},"loc":{"start":{"line":55,"column":31},"end":{"line":55,"column":74}},"line":55},"5":{"name":"(anonymous_5)","decl":{"start":{"line":64,"column":24},"end":{"line":64,"column":25}},"loc":{"start":{"line":64,"column":31},"end":{"line":64,"column":75}},"line":64},"6":{"name":"(anonymous_6)","decl":{"start":{"line":75,"column":21},"end":{"line":75,"column":22}},"loc":{"start":{"line":75,"column":28},"end":{"line":75,"column":48}},"line":75},"7":{"name":"(anonymous_7)","decl":{"start":{"line":91,"column":24},"end":{"line":91,"column":25}},"loc":{"start":{"line":91,"column":36},"end":{"line":94,"column":1}},"line":91}},"branchMap":{},"s":{"0":3,"1":1,"2":9,"3":1,"4":1,"5":2,"6":2,"7":1,"8":3,"9":3},"f":{"0":1,"1":9,"2":1,"3":1,"4":2,"5":2,"6":1,"7":3},"b":{},"_coverageSchema":"43e27e138ebf9cfc5966b082cf9a028302ed4184","hash":"8baa481eacf4229dc3a981cb214cf6242172c145"}
,"/Users/upadesh/Work/Other/react_project/mern-social/client/src/component/auth/Register.test copy.js": {"path":"/Users/upadesh/Work/Other/react_project/mern-social/client/src/component/auth/Register.test copy.js","statementMap":{"0":{"start":{"line":13,"column":20},"end":{"line":13,"column":27}},"1":{"start":{"line":14,"column":18},"end":{"line":14,"column":49}},"2":{"start":{"line":16,"column":0},"end":{"line":215,"column":3}},"3":{"start":{"line":18,"column":21},"end":{"line":18,"column":71}},"4":{"start":{"line":19,"column":14},"end":{"line":19,"column":37}},"5":{"start":{"line":21,"column":26},"end":{"line":27,"column":3}},"6":{"start":{"line":30,"column":2},"end":{"line":32,"column":5}},"7":{"start":{"line":31,"column":4},"end":{"line":31,"column":46}},"8":{"start":{"line":34,"column":16},"end":{"line":40,"column":3}},"9":{"start":{"line":42,"column":26},"end":{"line":42,"column":61}},"10":{"start":{"line":45,"column":20},"end":{"line":45,"column":26}},"11":{"start":{"line":46,"column":21},"end":{"line":46,"column":43}},"12":{"start":{"line":47,"column":24},"end":{"line":47,"column":35}},"13":{"start":{"line":48,"column":25},"end":{"line":48,"column":36}},"14":{"start":{"line":50,"column":2},"end":{"line":76,"column":5}},"15":{"start":{"line":52,"column":4},"end":{"line":57,"column":7}},"16":{"start":{"line":55,"column":20},"end":{"line":55,"column":64}},"17":{"start":{"line":56,"column":6},"end":{"line":56,"column":36}},"18":{"start":{"line":60,"column":4},"end":{"line":63,"column":7}},"19":{"start":{"line":61,"column":20},"end":{"line":61,"column":65}},"20":{"start":{"line":62,"column":6},"end":{"line":62,"column":36}},"21":{"start":{"line":66,"column":4},"end":{"line":69,"column":7}},"22":{"start":{"line":67,"column":20},"end":{"line":67,"column":68}},"23":{"start":{"line":68,"column":6},"end":{"line":68,"column":36}},"24":{"start":{"line":72,"column":4},"end":{"line":75,"column":7}},"25":{"start":{"line":73,"column":20},"end":{"line":73,"column":69}},"26":{"start":{"line":74,"column":6},"end":{"line":74,"column":36}},"27":{"start":{"line":79,"column":2},"end":{"line":83,"column":5}},"28":{"start":{"line":81,"column":22},"end":{"line":81,"column":55}},"29":{"start":{"line":82,"column":4},"end":{"line":82,"column":38}},"30":{"start":{"line":86,"column":2},"end":{"line":144,"column":5}},"31":{"start":{"line":88,"column":4},"end":{"line":96,"column":7}},"32":{"start":{"line":89,"column":6},"end":{"line":92,"column":62}},"33":{"start":{"line":95,"column":6},"end":{"line":95,"column":62}},"34":{"start":{"line":99,"column":4},"end":{"line":106,"column":7}},"35":{"start":{"line":100,"column":6},"end":{"line":103,"column":63}},"36":{"start":{"line":105,"column":6},"end":{"line":105,"column":64}},"37":{"start":{"line":109,"column":4},"end":{"line":116,"column":7}},"38":{"start":{"line":110,"column":6},"end":{"line":113,"column":66}},"39":{"start":{"line":115,"column":6},"end":{"line":115,"column":70}},"40":{"start":{"line":119,"column":4},"end":{"line":126,"column":7}},"41":{"start":{"line":120,"column":6},"end":{"line":123,"column":67}},"42":{"start":{"line":125,"column":6},"end":{"line":125,"column":72}},"43":{"start":{"line":129,"column":4},"end":{"line":143,"column":7}},"44":{"start":{"line":130,"column":6},"end":{"line":133,"column":66}},"45":{"start":{"line":135,"column":6},"end":{"line":138,"column":67}},"46":{"start":{"line":140,"column":30},"end":{"line":140,"column":62}},"47":{"start":{"line":141,"column":31},"end":{"line":141,"column":64}},"48":{"start":{"line":142,"column":6},"end":{"line":142,"column":56}},"49":{"start":{"line":146,"column":2},"end":{"line":214,"column":5}},"50":{"start":{"line":147,"column":23},"end":{"line":153,"column":5}},"51":{"start":{"line":155,"column":4},"end":{"line":213,"column":7}},"52":{"start":{"line":156,"column":21},"end":{"line":162,"column":7}},"53":{"start":{"line":165,"column":6},"end":{"line":165,"column":48}}},"fnMap":{"0":{"name":"(anonymous_0)","decl":{"start":{"line":16,"column":21},"end":{"line":16,"column":22}},"loc":{"start":{"line":16,"column":27},"end":{"line":215,"column":1}},"line":16},"1":{"name":"(anonymous_1)","decl":{"start":{"line":30,"column":40},"end":{"line":30,"column":41}},"loc":{"start":{"line":30,"column":46},"end":{"line":32,"column":3}},"line":30},"2":{"name":"(anonymous_2)","decl":{"start":{"line":50,"column":32},"end":{"line":50,"column":33}},"loc":{"start":{"line":50,"column":38},"end":{"line":76,"column":3}},"line":50},"3":{"name":"(anonymous_3)","decl":{"start":{"line":52,"column":29},"end":{"line":52,"column":30}},"loc":{"start":{"line":52,"column":35},"end":{"line":57,"column":5}},"line":52},"4":{"name":"(anonymous_4)","decl":{"start":{"line":60,"column":30},"end":{"line":60,"column":31}},"loc":{"start":{"line":60,"column":36},"end":{"line":63,"column":5}},"line":60},"5":{"name":"(anonymous_5)","decl":{"start":{"line":66,"column":27},"end":{"line":66,"column":28}},"loc":{"start":{"line":66,"column":33},"end":{"line":69,"column":5}},"line":66},"6":{"name":"(anonymous_6)","decl":{"start":{"line":72,"column":28},"end":{"line":72,"column":29}},"loc":{"start":{"line":72,"column":34},"end":{"line":75,"column":5}},"line":72},"7":{"name":"(anonymous_7)","decl":{"start":{"line":79,"column":27},"end":{"line":79,"column":28}},"loc":{"start":{"line":79,"column":33},"end":{"line":83,"column":3}},"line":79},"8":{"name":"(anonymous_8)","decl":{"start":{"line":86,"column":44},"end":{"line":86,"column":45}},"loc":{"start":{"line":86,"column":50},"end":{"line":144,"column":3}},"line":86},"9":{"name":"(anonymous_9)","decl":{"start":{"line":88,"column":29},"end":{"line":88,"column":30}},"loc":{"start":{"line":88,"column":35},"end":{"line":96,"column":5}},"line":88},"10":{"name":"(anonymous_10)","decl":{"start":{"line":99,"column":30},"end":{"line":99,"column":31}},"loc":{"start":{"line":99,"column":36},"end":{"line":106,"column":5}},"line":99},"11":{"name":"(anonymous_11)","decl":{"start":{"line":109,"column":30},"end":{"line":109,"column":31}},"loc":{"start":{"line":109,"column":36},"end":{"line":116,"column":5}},"line":109},"12":{"name":"(anonymous_12)","decl":{"start":{"line":119,"column":30},"end":{"line":119,"column":31}},"loc":{"start":{"line":119,"column":36},"end":{"line":126,"column":5}},"line":119},"13":{"name":"(anonymous_13)","decl":{"start":{"line":129,"column":40},"end":{"line":129,"column":41}},"loc":{"start":{"line":129,"column":46},"end":{"line":143,"column":5}},"line":129},"14":{"name":"(anonymous_14)","decl":{"start":{"line":146,"column":29},"end":{"line":146,"column":30}},"loc":{"start":{"line":146,"column":35},"end":{"line":214,"column":3}},"line":146},"15":{"name":"(anonymous_15)","decl":{"start":{"line":155,"column":23},"end":{"line":155,"column":24}},"loc":{"start":{"line":155,"column":29},"end":{"line":213,"column":5}},"line":155}},"branchMap":{},"s":{"0":0,"1":0,"2":0,"3":0,"4":0,"5":0,"6":0,"7":0,"8":0,"9":0,"10":0,"11":0,"12":0,"13":0,"14":0,"15":0,"16":0,"17":0,"18":0,"19":0,"20":0,"21":0,"22":0,"23":0,"24":0,"25":0,"26":0,"27":0,"28":0,"29":0,"30":0,"31":0,"32":0,"33":0,"34":0,"35":0,"36":0,"37":0,"38":0,"39":0,"40":0,"41":0,"42":0,"43":0,"44":0,"45":0,"46":0,"47":0,"48":0,"49":0,"50":0,"51":0,"52":0,"53":0},"f":{"0":0,"1":0,"2":0,"3":0,"4":0,"5":0,"6":0,"7":0,"8":0,"9":0,"10":0,"11":0,"12":0,"13":0,"14":0,"15":0},"b":{},"hash":"f39116585b33638d372343cdb612d933b7b8aeb7"}
,"/Users/upadesh/Work/Other/react_project/mern-social/client/src/component/auth/action.js": {"path":"/Users/upadesh/Work/Other/react_project/mern-social/client/src/component/auth/action.js","statementMap":{"0":{"start":{"line":3,"column":12},"end":{"line":3,"column":14}},"1":{"start":{"line":6,"column":22},"end":{"line":6,"column":30}},"2":{"start":{"line":7,"column":24},"end":{"line":7,"column":34}},"3":{"start":{"line":8,"column":32},"end":{"line":8,"column":50}},"4":{"start":{"line":11,"column":26},"end":{"line":43,"column":1}},"5":{"start":{"line":12,"column":2},"end":{"line":42,"column":4}},"6":{"start":{"line":13,"column":4},"end":{"line":41,"column":5}},"7":{"start":{"line":14,"column":23},"end":{"line":19,"column":8}},"8":{"start":{"line":21,"column":6},"end":{"line":21,"column":66}},"9":{"start":{"line":22,"column":6},"end":{"line":22,"column":70}},"10":{"start":{"line":25,"column":6},"end":{"line":25,"column":55}},"11":{"start":{"line":26,"column":6},"end":{"line":26,"column":55}},"12":{"start":{"line":29,"column":6},"end":{"line":29,"column":31}},"13":{"start":{"line":34,"column":6},"end":{"line":40,"column":7}},"14":{"start":{"line":35,"column":8},"end":{"line":35,"column":50}},"15":{"start":{"line":36,"column":8},"end":{"line":39,"column":11}}},"fnMap":{"0":{"name":"(anonymous_0)","decl":{"start":{"line":11,"column":26},"end":{"line":11,"column":27}},"loc":{"start":{"line":11,"column":45},"end":{"line":43,"column":1}},"line":11},"1":{"name":"(anonymous_1)","decl":{"start":{"line":12,"column":9},"end":{"line":12,"column":10}},"loc":{"start":{"line":12,"column":29},"end":{"line":42,"column":3}},"line":12}},"branchMap":{"0":{"loc":{"start":{"line":34,"column":6},"end":{"line":40,"column":7}},"type":"if","locations":[{"start":{"line":34,"column":6},"end":{"line":40,"column":7}},{"start":{"line":34,"column":6},"end":{"line":40,"column":7}}],"line":34},"1":{"loc":{"start":{"line":34,"column":10},"end":{"line":34,"column":54}},"type":"binary-expr","locations":[{"start":{"line":34,"column":10},"end":{"line":34,"column":24}},{"start":{"line":34,"column":28},"end":{"line":34,"column":54}}],"line":34}},"s":{"0":4,"1":4,"2":4,"3":4,"4":4,"5":1,"6":1,"7":1,"8":0,"9":0,"10":0,"11":0,"12":0,"13":0,"14":0,"15":0},"f":{"0":1,"1":1},"b":{"0":[0,0],"1":[0,0]},"_coverageSchema":"43e27e138ebf9cfc5966b082cf9a028302ed4184","hash":"71d4301e83441e9f314c3ff63dfb4a5994649a10"}
,"/Users/upadesh/Work/Other/react_project/mern-social/client/src/component/auth/reducer.js": {"path":"/Users/upadesh/Work/Other/react_project/mern-social/client/src/component/auth/reducer.js","statementMap":{"0":{"start":{"line":3,"column":21},"end":{"line":5,"column":1}},"1":{"start":{"line":8,"column":2},"end":{"line":36,"column":3}},"2":{"start":{"line":10,"column":6},"end":{"line":14,"column":8}},"3":{"start":{"line":18,"column":6},"end":{"line":22,"column":8}},"4":{"start":{"line":26,"column":6},"end":{"line":30,"column":8}},"5":{"start":{"line":34,"column":6},"end":{"line":34,"column":19}}},"fnMap":{"0":{"name":"(anonymous_0)","decl":{"start":{"line":7,"column":15},"end":{"line":7,"column":16}},"loc":{"start":{"line":7,"column":49},"end":{"line":37,"column":1}},"line":7}},"branchMap":{"0":{"loc":{"start":{"line":7,"column":16},"end":{"line":7,"column":36}},"type":"default-arg","locations":[{"start":{"line":7,"column":24},"end":{"line":7,"column":36}}],"line":7},"1":{"loc":{"start":{"line":8,"column":2},"end":{"line":36,"column":3}},"type":"switch","locations":[{"start":{"line":9,"column":4},"end":{"line":15,"column":5}},{"start":{"line":17,"column":4},"end":{"line":23,"column":5}},{"start":{"line":25,"column":4},"end":{"line":31,"column":5}},{"start":{"line":33,"column":4},"end":{"line":35,"column":5}}],"line":8}},"s":{"0":2,"1":5,"2":0,"3":1,"4":0,"5":4},"f":{"0":5},"b":{"0":[5],"1":[0,1,0,4]},"_coverageSchema":"43e27e138ebf9cfc5966b082cf9a028302ed4184","hash":"1b15a62b5c9658a4cb4b820df1e74128ed077b9d"}
,"/Users/upadesh/Work/Other/react_project/mern-social/client/src/component/layout/Landing.js": {"path":"/Users/upadesh/Work/Other/react_project/mern-social/client/src/component/layout/Landing.js","statementMap":{"0":{"start":{"line":4,"column":16},"end":{"line":26,"column":1}},"1":{"start":{"line":5,"column":2},"end":{"line":25,"column":4}}},"fnMap":{"0":{"name":"(anonymous_0)","decl":{"start":{"line":4,"column":16},"end":{"line":4,"column":17}},"loc":{"start":{"line":4,"column":22},"end":{"line":26,"column":1}},"line":4}},"branchMap":{},"s":{"0":1,"1":0},"f":{"0":0},"b":{},"_coverageSchema":"43e27e138ebf9cfc5966b082cf9a028302ed4184","hash":"4521f9e90415f7ee0ecd33af813664c888c01d0b"}
,"/Users/upadesh/Work/Other/react_project/mern-social/client/src/component/layout/Navbar.js": {"path":"/Users/upadesh/Work/Other/react_project/mern-social/client/src/component/layout/Navbar.js","statementMap":{"0":{"start":{"line":4,"column":15},"end":{"line":25,"column":1}},"1":{"start":{"line":5,"column":2},"end":{"line":24,"column":4}}},"fnMap":{"0":{"name":"(anonymous_0)","decl":{"start":{"line":4,"column":15},"end":{"line":4,"column":16}},"loc":{"start":{"line":4,"column":21},"end":{"line":25,"column":1}},"line":4}},"branchMap":{},"s":{"0":1,"1":0},"f":{"0":0},"b":{},"_coverageSchema":"43e27e138ebf9cfc5966b082cf9a028302ed4184","hash":"d0d3f1bee1e0fce84874c7ca8e1b874f056b78c9"}
,"/Users/upadesh/Work/Other/react_project/mern-social/client/src/redux/reducer.js": {"path":"/Users/upadesh/Work/Other/react_project/mern-social/client/src/redux/reducer.js","statementMap":{},"fnMap":{},"branchMap":{},"s":{},"f":{},"b":{},"_coverageSchema":"43e27e138ebf9cfc5966b082cf9a028302ed4184","hash":"1760f2e6930e8357911971cd670c293bd1a80197"}
,"/Users/upadesh/Work/Other/react_project/mern-social/client/src/redux/store.js": {"path":"/Users/upadesh/Work/Other/react_project/mern-social/client/src/redux/store.js","statementMap":{},"fnMap":{},"branchMap":{},"s":{},"f":{},"b":{},"_coverageSchema":"43e27e138ebf9cfc5966b082cf9a028302ed4184","hash":"0a54e0c46688d364057d09a4afcd69cd94bfe93f"}
}
