TN:
SF:/Users/upadesh/Work/Other/react_project/mern-social/client/src/App.js
FN:13,App
FNF:1
FNH:0
FNDA:0,App
DA:14,0
LF:1
LH:0
BRF:0
BRH:0
end_of_record
TN:
SF:/Users/upadesh/Work/Other/react_project/mern-social/client/src/index.js
FNF:0
FNH:0
DA:5,0
LF:1
LH:0
BRF:0
BRH:0
end_of_record
TN:
SF:/Users/upadesh/Work/Other/react_project/mern-social/client/src/component/DisplayValidation.js
FN:4,(anonymous_0)
FN:14,(anonymous_1)
FNF:2
FNH:1
FNDA:9,(anonymous_0)
FNDA:0,(anonymous_1)
DA:5,9
DA:7,9
DA:8,9
DA:11,0
DA:12,0
DA:15,0
LF:6
LH:3
BRDA:7,0,0,9
BRDA:7,0,1,0
BRDA:7,1,0,9
BRDA:7,1,1,0
BRF:4
BRH:2
end_of_record
TN:
SF:/Users/upadesh/Work/Other/react_project/mern-social/client/src/component/auth/Login.js
FN:3,(anonymous_0)
FNF:1
FNH:0
FNDA:0,(anonymous_0)
DA:3,1
DA:4,0
LF:2
LH:1
BRF:0
BRH:0
end_of_record
TN:
SF:/Users/upadesh/Work/Other/react_project/mern-social/client/src/component/auth/Register.js
FN:10,(anonymous_0)
FN:14,(anonymous_1)
FN:34,(anonymous_2)
FN:42,(anonymous_3)
FN:55,(anonymous_4)
FN:64,(anonymous_5)
FN:75,(anonymous_6)
FN:91,(anonymous_7)
FNF:8
FNH:8
FNDA:1,(anonymous_0)
FNDA:9,(anonymous_1)
FNDA:1,(anonymous_2)
FNDA:1,(anonymous_3)
FNDA:2,(anonymous_4)
FNDA:2,(anonymous_5)
FNDA:1,(anonymous_6)
FNDA:3,(anonymous_7)
DA:10,3
DA:11,1
DA:15,9
DA:34,1
DA:42,1
DA:55,2
DA:64,2
DA:75,1
DA:91,3
LF:9
LH:9
BRF:0
BRH:0
end_of_record
TN:
SF:/Users/upadesh/Work/Other/react_project/mern-social/client/src/component/auth/Register.test copy.js
FN:16,(anonymous_0)
FN:30,(anonymous_1)
FN:50,(anonymous_2)
FN:52,(anonymous_3)
FN:60,(anonymous_4)
FN:66,(anonymous_5)
FN:72,(anonymous_6)
FN:79,(anonymous_7)
FN:86,(anonymous_8)
FN:88,(anonymous_9)
FN:99,(anonymous_10)
FN:109,(anonymous_11)
FN:119,(anonymous_12)
FN:129,(anonymous_13)
FN:146,(anonymous_14)
FN:155,(anonymous_15)
FNF:16
FNH:0
FNDA:0,(anonymous_0)
FNDA:0,(anonymous_1)
FNDA:0,(anonymous_2)
FNDA:0,(anonymous_3)
FNDA:0,(anonymous_4)
FNDA:0,(anonymous_5)
FNDA:0,(anonymous_6)
FNDA:0,(anonymous_7)
FNDA:0,(anonymous_8)
FNDA:0,(anonymous_9)
FNDA:0,(anonymous_10)
FNDA:0,(anonymous_11)
FNDA:0,(anonymous_12)
FNDA:0,(anonymous_13)
FNDA:0,(anonymous_14)
FNDA:0,(anonymous_15)
DA:13,0
DA:14,0
DA:16,0
DA:18,0
DA:19,0
DA:21,0
DA:30,0
DA:31,0
DA:34,0
DA:42,0
DA:45,0
DA:46,0
DA:47,0
DA:48,0
DA:50,0
DA:52,0
DA:55,0
DA:56,0
DA:60,0
DA:61,0
DA:62,0
DA:66,0
DA:67,0
DA:68,0
DA:72,0
DA:73,0
DA:74,0
DA:79,0
DA:81,0
DA:82,0
DA:86,0
DA:88,0
DA:89,0
DA:95,0
DA:99,0
DA:100,0
DA:105,0
DA:109,0
DA:110,0
DA:115,0
DA:119,0
DA:120,0
DA:125,0
DA:129,0
DA:130,0
DA:135,0
DA:140,0
DA:141,0
DA:142,0
DA:146,0
DA:147,0
DA:155,0
DA:156,0
DA:165,0
LF:54
LH:0
BRF:0
BRH:0
end_of_record
TN:
SF:/Users/upadesh/Work/Other/react_project/mern-social/client/src/component/auth/action.js
FN:11,(anonymous_0)
FN:12,(anonymous_1)
FNF:2
FNH:2
FNDA:1,(anonymous_0)
FNDA:1,(anonymous_1)
DA:3,4
DA:6,4
DA:7,4
DA:8,4
DA:11,4
DA:12,1
DA:13,1
DA:14,1
DA:21,0
DA:22,0
DA:25,0
DA:26,0
DA:29,0
DA:34,0
DA:35,0
DA:36,0
LF:16
LH:8
BRDA:34,0,0,0
BRDA:34,0,1,0
BRDA:34,1,0,0
BRDA:34,1,1,0
BRF:4
BRH:0
end_of_record
TN:
SF:/Users/upadesh/Work/Other/react_project/mern-social/client/src/component/auth/reducer.js
FN:7,(anonymous_0)
FNF:1
FNH:1
FNDA:5,(anonymous_0)
DA:3,2
DA:8,5
DA:10,0
DA:18,1
DA:26,0
DA:34,4
LF:6
LH:4
BRDA:7,0,0,5
BRDA:8,1,0,0
BRDA:8,1,1,1
BRDA:8,1,2,0
BRDA:8,1,3,4
BRF:5
BRH:3
end_of_record
TN:
SF:/Users/upadesh/Work/Other/react_project/mern-social/client/src/component/layout/Landing.js
FN:4,(anonymous_0)
FNF:1
FNH:0
FNDA:0,(anonymous_0)
DA:4,1
DA:5,0
LF:2
LH:1
BRF:0
BRH:0
end_of_record
TN:
SF:/Users/upadesh/Work/Other/react_project/mern-social/client/src/component/layout/Navbar.js
FN:4,(anonymous_0)
FNF:1
FNH:0
FNDA:0,(anonymous_0)
DA:4,1
DA:5,0
LF:2
LH:1
BRF:0
BRH:0
end_of_record
TN:
SF:/Users/upadesh/Work/Other/react_project/mern-social/client/src/redux/reducer.js
FNF:0
FNH:0
LF:0
LH:0
BRF:0
BRH:0
end_of_record
TN:
SF:/Users/upadesh/Work/Other/react_project/mern-social/client/src/redux/store.js
FNF:0
FNH:0
LF:0
LH:0
BRF:0
BRH:0
end_of_record
